// Initial random seed:
37271090763376

// RunInitializeCallbacks():
initializeSLiMModelType(modelType = 'nonWF');
initializeMutationRate(5e-06);
initializeMutationType(1, 0.5, "f", 0.005);
initializeMutationType(2, 0.5, "f", -0.005);
initializeGenomicElementType(1, c(m1, m2), c(0.1, 0.9));
initializeGenomicElement(g1, 0, 999);
initializeRecombinationRate(5e-06);

// Starting run at tick <start>:
1 

"start"
1.05067
"mid"
1.05122
"edge"
1.05649
"start"
1.04718
"mid"
1.05236
"edge"
1.06062
"start"
1.04602
"mid"
1.05788
"edge"
1.05563
"start"
1.06294
"mid"
1.06366
"edge"
1.05056
"start"
1.06605
"mid"
1.08927
"edge"
1.04871
"start"
1.09063
"mid"
1.07101
"edge"
1.04495
"start"
1.08319
"mid"
1.06587
"edge"
1.0238
"start"
1.10475
"mid"
1.07347
"edge"
1.01911
"start"
1.10665
"mid"
1.08073
"edge"
0.993913
"start"
1.14333
"mid"
1.08887
"edge"
0.997334
"start"
1.16114
"mid"
1.08507
"edge"
0.994866
"start"
1.20231
"mid"
1.08875
"edge"
0.978917
